<respuesta>
	<operacion id="B"/>
	<errores>
		<error tipo="E">
		La carta 10 de corazones no tiene un imagen BMP o esta corrupta
		</error>
	</errores>
</respuesta>
<respuesta>
	<operacion id="B"/>
	<errores>
		<error tipo="E">
		La carta 2 de picas no tiene un imagen BMP o esta corrupta
		</error>
	</errores>
</respuesta>
<respuesta>
	<operacion id="B"/>
	<errores>
		<error tipo="E">
		La carta 6 de treboles no tiene un imagen BMP o esta corrupta
		</error>
	</errores>
</respuesta>
<respuesta>
	<operacion id="B"/>
	<errores>
		<error tipo="E">
		La carta 1 de corazones no tiene un imagen BMP o esta corrupta
		</error>
	</errores>
</respuesta>
<respuesta>
	<operacion id="B"/>
	<errores>
		<error tipo="E">
		La carta 8 de treboles no tiene un imagen BMP o esta corrupta
		</error>
	</errores>
</respuesta>
<respuesta>
	<operacion id="B"/>
	<errores>
		<error tipo="E">
		La carta 10 de corazones no tiene un imagen BMP o esta corrupta
		</error>
	</errores>
</respuesta>
<respuesta>
	<operacion id="B"/>
	<errores>
		<error tipo="E">
		La carta 2 de picas no tiene un imagen BMP o esta corrupta
		</error>
	</errores>
</respuesta>
<respuesta>
	<operacion id="B"/>
	<errores>
		<error tipo="E">
		La carta 6 de treboles no tiene un imagen BMP o esta corrupta
		</error>
	</errores>
</respuesta>
<respuesta>
	<operacion id="B"/>
	<errores>
		<error tipo="E">
		La carta 1 de corazones no tiene un imagen BMP o esta corrupta
		</error>
	</errores>
</respuesta>
<respuesta>
	<operacion id="B"/>
	<errores>
		<error tipo="E">
		La carta 8 de treboles no tiene un imagen BMP o esta corrupta
		</error>
	</errores>
</respuesta>
<respuesta>
	<operacion id="B"/>
	<errores>
		<error tipo="E">
		La carta 10 de corazones no tiene un imagen BMP o esta corrupta
		</error>
	</errores>
</respuesta>
<respuesta>
	<operacion id="B"/>
	<errores>
		<error tipo="E">
		La carta 2 de picas no tiene un imagen BMP o esta corrupta
		</error>
	</errores>
</respuesta>
<respuesta>
	<operacion id="B"/>
	<errores>
		<error tipo="E">
		La carta 6 de treboles no tiene un imagen BMP o esta corrupta
		</error>
	</errores>
</respuesta>
<respuesta>
	<operacion id="B"/>
	<errores>
		<error tipo="E">
		La carta 1 de corazones no tiene un imagen BMP o esta corrupta
		</error>
	</errores>
</respuesta>
<respuesta>
	<operacion id="B"/>
	<errores>
		<error tipo="E">
		La carta 8 de treboles no tiene un imagen BMP o esta corrupta
		</error>
	</errores>
</respuesta>
<respuesta>
	<operacion id="B"/>
	<errores>
		<error tipo="E">
		La carta 10 de corazones no tiene un imagen BMP o esta corrupta
		</error>
	</errores>
</respuesta>
<respuesta>
	<operacion id="B"/>
	<errores>
		<error tipo="E">
		La carta 2 de picas no tiene un imagen BMP o esta corrupta
		</error>
	</errores>
</respuesta>
<respuesta>
	<operacion id="B"/>
	<errores>
		<error tipo="E">
		La carta 6 de treboles no tiene un imagen BMP o esta corrupta
		</error>
	</errores>
</respuesta>
<respuesta>
	<operacion id="B"/>
	<errores>
		<error tipo="E">
		La carta 1 de corazones no tiene un imagen BMP o esta corrupta
		</error>
	</errores>
</respuesta>
<respuesta>
	<operacion id="B"/>
	<errores>
		<error tipo="E">
		La carta 8 de treboles no tiene un imagen BMP o esta corrupta
		</error>
	</errores>
</respuesta>
<respuesta>
	</operacion id="U"/>
		<errores>
			<error tipo="V">
			Usuario invalido
			</error>
		</errores>
</respuesta>
<respuesta>
	<operacion id="B"/>
	<errores>
		<error tipo="E">
		La carta 10 de corazones no tiene un imagen BMP o esta corrupta
		</error>
	</errores>
</respuesta>
<respuesta>
	<operacion id="B"/>
	<errores>
		<error tipo="E">
		La carta 2 de picas no tiene un imagen BMP o esta corrupta
		</error>
	</errores>
</respuesta>
<respuesta>
	<operacion id="B"/>
	<errores>
		<error tipo="E">
		La carta 6 de treboles no tiene un imagen BMP o esta corrupta
		</error>
	</errores>
</respuesta>
<respuesta>
	<operacion id="B"/>
	<errores>
		<error tipo="E">
		La carta 1 de corazones no tiene un imagen BMP o esta corrupta
		</error>
	</errores>
</respuesta>
<respuesta>
	<operacion id="B"/>
	<errores>
		<error tipo="E">
		La carta 8 de treboles no tiene un imagen BMP o esta corrupta
		</error>
	</errores>
</respuesta>
<respuesta>
	</operacion id="U"/>
		<errores>
			<error tipo="V">
			Usuario invalido
			</error>
		</errores>
</respuesta>
<respuesta>
	</operacion id="U"/>
		<errores>
			<error tipo="V">
			Usuario invalido
			</error>
		</errores>
</respuesta>
